2019-09-28 15:56:31 INFO  App:62 - id is duplicate: id1
2019-09-28 15:56:31 INFO  App:74 - source lead: {"_id":"id1","email":"foo@bar.com","firstName":"John","lastName":"Smith","address":"123 Street St","entryDate":"2014-05-07T17:30:20+00:00"}
2019-09-28 15:56:31 INFO  App:79 - new lead: {"_id":"id1","email":"coo@bar.com","firstName":"Ted","lastName":"Jones","address":"456 Neat St","entryDate":"2014-05-07T17:32:20+00:00"}
2019-09-28 15:56:31 INFO  App:107 - lead email changed from foo@bar.com to coo@bar.com
2019-09-28 15:56:31 INFO  App:109 - lead firstname changed from John to Ted
2019-09-28 15:56:31 INFO  App:111 - lead lastname changed from Smith to Jones
2019-09-28 15:56:31 INFO  App:116 - lead entrydate changed from 2014-05-07T17:30:20+00:00 to 2014-05-07T17:32:20+00:00
2019-09-28 15:56:31 INFO  App:118 - lead address changed from 123 Street St to 456 Neat St
2019-09-28 15:56:31 INFO  App:65 - email is duplicate: foo@bar.com
2019-09-28 15:56:31 INFO  App:74 - source lead: {"_id":"id4","email":"foo@bar.com","firstName":"John","lastName":"Smith","address":"123 Street St","entryDate":"2014-05-07T17:32:20+00:00"}
2019-09-28 15:56:31 INFO  App:79 - new lead: {"_id":"id5","email":"foo@bar.com","firstName":"John","lastName":"Smith","address":"123 Street St","entryDate":"2014-05-07T17:32:20+00:00"}
2019-09-28 15:56:31 INFO  App:105 - lead id changed from id4 to id5
2019-09-28 15:56:31 INFO  App:65 - email is duplicate: foo@bar.com
2019-09-28 15:56:31 INFO  App:74 - source lead: {"_id":"id5","email":"foo@bar.com","firstName":"John","lastName":"Smith","address":"123 Street St","entryDate":"2014-05-07T17:32:20+00:00"}
2019-09-28 15:56:31 INFO  App:79 - new lead: {"_id":"id7","email":"foo@bar.com","firstName":"Micah","lastName":"Valmer","address":"123 Street St","entryDate":"2014-05-07T17:33:20+00:00"}
2019-09-28 15:56:31 INFO  App:105 - lead id changed from id5 to id7
2019-09-28 15:56:31 INFO  App:109 - lead firstname changed from John to Micah
2019-09-28 15:56:31 INFO  App:111 - lead lastname changed from Smith to Valmer
2019-09-28 15:56:31 INFO  App:116 - lead entrydate changed from 2014-05-07T17:32:20+00:00 to 2014-05-07T17:33:20+00:00
2019-09-28 15:56:31 INFO  App:65 - email is duplicate: mae@bar.com
2019-09-28 15:56:31 INFO  App:74 - source lead: {"_id":"id2","email":"mae@bar.com","firstName":"Ted","lastName":"Masters","address":"44 North Hampton St","entryDate":"2014-05-07T17:31:20+00:00"}
2019-09-28 15:56:31 INFO  App:79 - new lead: {"_id":"id8","email":"mae@bar.com","firstName":"Tallulah","lastName":"Smith","address":"123 Water St","entryDate":"2014-05-07T17:33:20+00:00"}
2019-09-28 15:56:31 INFO  App:105 - lead id changed from id2 to id8
2019-09-28 15:56:31 INFO  App:109 - lead firstname changed from Ted to Tallulah
2019-09-28 15:56:31 INFO  App:111 - lead lastname changed from Masters to Smith
2019-09-28 15:56:31 INFO  App:116 - lead entrydate changed from 2014-05-07T17:31:20+00:00 to 2014-05-07T17:33:20+00:00
2019-09-28 15:56:31 INFO  App:118 - lead address changed from 44 North Hampton St to 123 Water St
