2019-09-28 16:56:18 INFO  App:60 - id is duplicate: jkj238238jdsnfsj23
2019-09-28 16:56:18 INFO  App:72 - source lead: {"_id":"jkj238238jdsnfsj23","email":"foo@bar.com","firstName":"John","lastName":"Smith","address":"123 Street St","entryDate":"2014-05-07T17:30:20+00:00"}
2019-09-28 16:56:18 INFO  App:77 - new lead: {"_id":"jkj238238jdsnfsj23","email":"coo@bar.com","firstName":"Ted","lastName":"Jones","address":"456 Neat St","entryDate":"2014-05-07T17:32:20+00:00"}
2019-09-28 16:56:18 INFO  App:105 - lead email changed from foo@bar.com to coo@bar.com
2019-09-28 16:56:18 INFO  App:109 - lead firstname changed from John to Ted
2019-09-28 16:56:18 INFO  App:113 - lead lastname changed from Smith to Jones
2019-09-28 16:56:18 INFO  App:118 - lead entrydate changed from 2014-05-07T17:30:20+00:00 to 2014-05-07T17:32:20+00:00
2019-09-28 16:56:18 INFO  App:122 - lead address changed from 123 Street St to 456 Neat St
2019-09-28 16:56:18 INFO  App:63 - email is duplicate: foo@bar.com
2019-09-28 16:56:18 INFO  App:72 - source lead: {"_id":"sel045238jdsnfsj23","email":"foo@bar.com","firstName":"John","lastName":"Smith","address":"123 Street St","entryDate":"2014-05-07T17:32:20+00:00"}
2019-09-28 16:56:18 INFO  App:77 - new lead: {"_id":"qest38238jdsnfsj23","email":"foo@bar.com","firstName":"John","lastName":"Smith","address":"123 Street St","entryDate":"2014-05-07T17:32:20+00:00"}
2019-09-28 16:56:18 INFO  App:103 - lead id changed from sel045238jdsnfsj23 to qest38238jdsnfsj23
2019-09-28 16:56:18 INFO  App:63 - email is duplicate: foo@bar.com
2019-09-28 16:56:18 INFO  App:72 - source lead: {"_id":"qest38238jdsnfsj23","email":"foo@bar.com","firstName":"John","lastName":"Smith","address":"123 Street St","entryDate":"2014-05-07T17:32:20+00:00"}
2019-09-28 16:56:18 INFO  App:77 - new lead: {"_id":"wuj08238jdsnfsj23","email":"foo@bar.com","firstName":"Micah","lastName":"Valmer","address":"123 Street St","entryDate":"2014-05-07T17:33:20+00:00"}
2019-09-28 16:56:18 INFO  App:103 - lead id changed from qest38238jdsnfsj23 to wuj08238jdsnfsj23
2019-09-28 16:56:18 INFO  App:109 - lead firstname changed from John to Micah
2019-09-28 16:56:18 INFO  App:113 - lead lastname changed from Smith to Valmer
2019-09-28 16:56:18 INFO  App:118 - lead entrydate changed from 2014-05-07T17:32:20+00:00 to 2014-05-07T17:33:20+00:00
2019-09-28 16:56:18 INFO  App:63 - email is duplicate: mae@bar.com
2019-09-28 16:56:18 INFO  App:72 - source lead: {"_id":"edu45238jdsnfsj23","email":"mae@bar.com","firstName":"Ted","lastName":"Masters","address":"44 North Hampton St","entryDate":"2014-05-07T17:31:20+00:00"}
2019-09-28 16:56:18 INFO  App:77 - new lead: {"_id":"belr28238jdsnfsj23","email":"mae@bar.com","firstName":"Tallulah","lastName":"Smith","address":"123 Water St","entryDate":"2014-05-07T17:33:20+00:00"}
2019-09-28 16:56:18 INFO  App:103 - lead id changed from edu45238jdsnfsj23 to belr28238jdsnfsj23
2019-09-28 16:56:18 INFO  App:109 - lead firstname changed from Ted to Tallulah
2019-09-28 16:56:18 INFO  App:113 - lead lastname changed from Masters to Smith
2019-09-28 16:56:18 INFO  App:118 - lead entrydate changed from 2014-05-07T17:31:20+00:00 to 2014-05-07T17:33:20+00:00
2019-09-28 16:56:18 INFO  App:122 - lead address changed from 44 North Hampton St to 123 Water St
2019-09-28 16:56:18 INFO  App:60 - id is duplicate: jkj238238jdsnfsj23
2019-09-28 16:56:18 INFO  App:72 - source lead: {"_id":"jkj238238jdsnfsj23","email":"coo@bar.com","firstName":"Ted","lastName":"Jones","address":"456 Neat St","entryDate":"2014-05-07T17:32:20+00:00"}
2019-09-28 16:56:18 INFO  App:77 - new lead: {"_id":"jkj238238jdsnfsj23","email":"bill@bar.com","firstName":"John","lastName":"Smith","address":"888 Mayberry St","entryDate":"2014-05-07T17:33:20+00:00"}
2019-09-28 16:56:18 INFO  App:105 - lead email changed from coo@bar.com to bill@bar.com
2019-09-28 16:56:18 INFO  App:109 - lead firstname changed from Ted to John
2019-09-28 16:56:18 INFO  App:113 - lead lastname changed from Jones to Smith
2019-09-28 16:56:18 INFO  App:118 - lead entrydate changed from 2014-05-07T17:32:20+00:00 to 2014-05-07T17:33:20+00:00
2019-09-28 16:56:18 INFO  App:122 - lead address changed from 456 Neat St to 888 Mayberry St
